<?xml version="1.0" encoding="UTF-8"?>
<!-- Generated by org.testng.reporters.JUnitReportReporter -->
<testsuite hostname="THR002-AUTO" name="hpLaptop.FindLaptopTest" tests="1" failures="0" timestamp="7 May 2018 19:16:25 GMT" time="43.257" errors="0">
  <testcase name="laptop" time="43.257" classname="hpLaptop.FindLaptopTest"/>
</testsuite> <!-- hpLaptop.FindLaptopTest -->
